<?xml version="1.0" encoding="UTF-8"?>
<!-- Generated by org.testng.reporters.JUnitReportReporter -->
<testsuite hostname="DECOMM-PC" failures="0" tests="1" name="sfdc.test.AccountTest" time="21.694" errors="0" timestamp="2022-05-13T14:18:23 PDT" skipped="0">
  <testcase classname="sfdc.test.AccountTest" name="createAnAccountTC10" time="21.694"/>
  <system-out/>
</testsuite> <!-- sfdc.test.AccountTest -->
