<?xml version="1.0" encoding="UTF-8"?>
<!-- Generated by org.testng.reporters.JUnitReportReporter -->
<testsuite hostname="DECOMM-PC" failures="0" tests="1" name="sfdc.test.LeadsTest" time="10.133" errors="0" timestamp="2022-04-14T21:04:39 PDT" skipped="0">
  <testcase classname="sfdc.test.LeadsTest" name="checkLeadsTabLink_TC20" time="10.133"/>
  <system-out/>
</testsuite> <!-- sfdc.test.LeadsTest -->
