<?xml version="1.0" encoding="UTF-8"?>
<!-- Generated by org.testng.reporters.JUnitReportReporter -->
<testsuite hostname="DECOMM-PC" failures="0" tests="1" name="com.demo1.FirefoxVersion22Pg4" time="11.089" errors="0" timestamp="2022-03-28T17:03:55 PDT" skipped="0">
  <testcase classname="com.demo1.FirefoxVersion22Pg4" name="testQuarterlySummaryReport_TC19" time="11.089"/>
  <system-out/>
</testsuite> <!-- com.demo1.FirefoxVersion22Pg4 -->
