<?xml version="1.0" encoding="UTF-8"?>
<!-- Generated by org.testng.reporters.JUnitReportReporter -->
<testsuite hostname="DECOMM-PC" failures="0" tests="1" name="com.demo1.RandomScenariosPg7" time="31.461" errors="0" timestamp="2022-03-27T14:50:08 PDT" skipped="0">
  <testcase classname="com.demo1.RandomScenariosPg7" name="blockingEventWithWeeklyRecurrance_TC37" time="31.461"/>
  <system-out/>
</testsuite> <!-- com.demo1.RandomScenariosPg7 -->
