<?xml version="1.0" encoding="UTF-8"?>
<!-- Generated by org.testng.reporters.JUnitReportReporter -->
<testsuite hostname="DECOMM-PC" failures="0" tests="1" name="com.mypractice.exceptionInTestNg$TestNGExamples" time="0.013" errors="0" timestamp="2022-10-28T11:08:39 PDT" skipped="0">
  <testcase classname="com.mypractice.exceptionInTestNg$TestNGExamples" name="dividedByZeroExample1" time="0.013"/>
  <system-out/>
</testsuite> <!-- com.mypractice.exceptionInTestNg$TestNGExamples -->
