<?xml version="1.0" encoding="UTF-8"?>
<!-- Generated by org.testng.reporters.JUnitReportReporter -->
<testsuite hostname="DECOMM-PC" failures="0" tests="1" name="com.demo1.LeadsPg5" time="8.677" errors="0" timestamp="2022-03-28T19:45:19 PDT" skipped="0">
  <testcase classname="com.demo1.LeadsPg5" name="listItemTodaysLeadsWork_TC23" time="8.677"/>
  <system-out/>
</testsuite> <!-- com.demo1.LeadsPg5 -->
