<?xml version="1.0" encoding="UTF-8"?>
<!-- Generated by org.testng.reporters.JUnitReportReporter -->
<testsuite hostname="DECOMM-PC" failures="0" tests="1" name="baseFunctionSFDC.pract1" time="0.015" errors="0" timestamp="2022-09-19T10:29:20 PDT" skipped="0">
  <testcase classname="baseFunctionSFDC.pract1" name="test" time="0.015"/>
  <system-out/>
</testsuite> <!-- baseFunctionSFDC.pract1 -->
