<?xml version="1.0" encoding="UTF-8"?>
<!-- Generated by org.testng.reporters.JUnitReportReporter -->
<testsuite hostname="DECOMM-PC" failures="0" tests="1" name="ParallelDemo.newDemo" time="5.612" errors="0" timestamp="2022-09-09T11:36:16 PDT" skipped="0">
  <testcase classname="ParallelDemo.newDemo" name="setUp" time="5.612"/>
  <system-out/>
</testsuite> <!-- ParallelDemo.newDemo -->
