<?xml version="1.0" encoding="UTF-8"?>
<!-- Generated by org.testng.reporters.JUnitReportReporter -->
<testsuite hostname="DECOMM-PC" failures="0" tests="5" name="com.demo1.SFDCLoginTestCasepg1" time="41.008" errors="0" timestamp="2022-04-06T11:49:55 PDT" skipped="0">
  <testcase classname="com.demo1.SFDCLoginTestCasepg1" name="NavigateToSdfc" time="9.800"/>
  <system-out/>
  <testcase classname="com.demo1.SFDCLoginTestCasepg1" name="WelcomeToSdfc" time="9.776"/>
  <system-out/>
  <testcase classname="com.demo1.SFDCLoginTestCasepg1" name="CheckRememberMe" time="8.961"/>
  <system-out/>
  <testcase classname="com.demo1.SFDCLoginTestCasepg1" name="forGotPassword1" time="3.115"/>
  <system-out/>
  <testcase classname="com.demo1.SFDCLoginTestCasepg1" name="forGotPassword2" time="9.356"/>
  <system-out/>
</testsuite> <!-- com.demo1.SFDCLoginTestCasepg1 -->
