<?xml version="1.0" encoding="UTF-8"?>
<!-- Generated by org.testng.reporters.JUnitReportReporter -->
<testsuite hostname="DECOMM-PC" failures="0" tests="1" name="com.demo1.ContactsPg6" time="10.294" errors="0" timestamp="2022-03-28T21:05:59 PDT" skipped="0">
  <testcase classname="com.demo1.ContactsPg6" name="checkTheSaveAndNweButton_TC32" time="10.294"/>
  <system-out/>
</testsuite> <!-- com.demo1.ContactsPg6 -->
