<?xml version="1.0" encoding="UTF-8"?>
<!-- Generated by org.testng.reporters.JUnitReportReporter -->
<testsuite hostname="DECOMM-PC" failures="0" tests="1" name="sfdc.test.UserMenuTest" time="11.788" errors="0" timestamp="2022-04-18T08:26:41 PDT" skipped="0">
  <testcase classname="sfdc.test.UserMenuTest" name="logout_TC9" time="11.788"/>
  <system-out/>
</testsuite> <!-- sfdc.test.UserMenuTest -->
