<?xml version="1.0" encoding="UTF-8"?>
<!-- Generated by org.testng.reporters.JUnitReportReporter -->
<testsuite hostname="DECOMM-PC" failures="0" tests="8" name="sfdc.test.ContactsTest" time="88.941" errors="0" timestamp="2022-04-14T20:34:15 PDT" skipped="0">
  <testcase classname="sfdc.test.ContactsTest" name="createNewcontact_TC25" time="18.482"/>
  <system-out/>
  <testcase classname="sfdc.test.ContactsTest" name="createNewView_TC26" time="12.535"/>
  <system-out/>
  <testcase classname="sfdc.test.ContactsTest" name="checkRecentlyContact_TC27" time="8.771"/>
  <system-out/>
  <testcase classname="sfdc.test.ContactsTest" name="checkMyContactView_TC28" time="7.839"/>
  <system-out/>
  <testcase classname="sfdc.test.ContactsTest" name="viewAContact_TC29" time="6.378"/>
  <system-out/>
  <testcase classname="sfdc.test.ContactsTest" name="checkTheErrorMsg_TC30" time="9.247"/>
  <system-out/>
  <testcase classname="sfdc.test.ContactsTest" name="checkTheCancelButton_TC31" time="13.386"/>
  <system-out/>
  <testcase classname="sfdc.test.ContactsTest" name="checkTheSaveAndNweButton_TC32" time="12.303"/>
  <system-out/>
</testsuite> <!-- sfdc.test.ContactsTest -->
