<?xml version="1.0" encoding="UTF-8"?>
<!-- Generated by org.testng.reporters.JUnitReportReporter -->
<testsuite hostname="DECOMM-PC" failures="0" tests="1" name="sfdc.test.CreateOptyTest" time="5.647" errors="0" timestamp="2022-04-14T21:55:59 PDT" skipped="0">
  <testcase classname="sfdc.test.CreateOptyTest" name="selectUserMenuTC15" time="5.647"/>
  <system-out/>
</testsuite> <!-- sfdc.test.CreateOptyTest -->
