<?xml version="1.0" encoding="UTF-8"?>
<!-- Generated by org.testng.reporters.JUnitReportReporter -->
<testsuite hostname="DECOMM-PC" failures="0" tests="1" name="baseFunctionSFDC.MyGooglePract" time="9.593" errors="0" timestamp="2022-09-20T20:05:00 PDT" skipped="0">
  <testcase classname="baseFunctionSFDC.MyGooglePract" name="test1" time="9.593"/>
  <system-out/>
</testsuite> <!-- baseFunctionSFDC.MyGooglePract -->
