<?xml version="1.0" encoding="UTF-8"?>
<!-- Generated by org.testng.reporters.JUnitReportReporter -->
<testsuite hostname="DECOMM-PC" failures="0" tests="5" name="sfdc.test.LoginTest" time="39.054" errors="0" timestamp="2022-04-06T15:02:46 PDT" skipped="0">
  <testcase classname="sfdc.test.LoginTest" name="loginErrorMessageTC01" time="3.331"/>
  <system-out/>
  <testcase classname="sfdc.test.LoginTest" name="WelcomeToSdfc" time="9.428"/>
  <system-out/>
  <testcase classname="sfdc.test.LoginTest" name="CheckRememberMe" time="7.666"/>
  <system-out/>
  <testcase classname="sfdc.test.LoginTest" name="forGotPassword1" time="2.706"/>
  <system-out/>
  <testcase classname="sfdc.test.LoginTest" name="forGotPassword2" time="15.923"/>
  <system-out/>
</testsuite> <!-- sfdc.test.LoginTest -->
