<?xml version="1.0" encoding="UTF-8"?>
<!-- Generated by org.testng.reporters.JUnitReportReporter -->
<testsuite hostname="DECOMM-PC" failures="0" tests="1" name="com.demo1.TestNGSFDCLoginTestCasepg1" time="8.882" errors="0" timestamp="2022-03-30T18:22:56 PDT" skipped="0">
  <testcase classname="com.demo1.TestNGSFDCLoginTestCasepg1" name="NavigateToSdfc" time="8.882"/>
  <system-out/>
</testsuite> <!-- com.demo1.TestNGSFDCLoginTestCasepg1 -->
