<?xml version="1.0" encoding="UTF-8"?>
<!-- Generated by org.testng.reporters.JUnitReportReporter -->
<testsuite hostname="DECOMM-PC" failures="0" tests="1" name="com.demo1.UserMenuDropDownPg2" time="18.376" errors="0" timestamp="2022-04-07T16:40:17 PDT" skipped="0">
  <testcase classname="com.demo1.UserMenuDropDownPg2" name="dislayCalenderAndRemainder_704" time="18.376"/>
  <system-out/>
</testsuite> <!-- com.demo1.UserMenuDropDownPg2 -->
