<?xml version="1.0" encoding="UTF-8"?>
<!-- Generated by org.testng.reporters.JUnitReportReporter -->
<testsuite hostname="DECOMM-PC" failures="0" tests="5" name="com.demo1.AccountPg3" time="61.020" errors="0" timestamp="2022-04-06T12:14:07 PDT" skipped="0">
  <testcase classname="com.demo1.AccountPg3" name="createAnAccountTC10" time="12.330"/>
  <system-out/>
  <testcase classname="com.demo1.AccountPg3" name="createNewViewTC11" time="14.964"/>
  <system-out/>
  <testcase classname="com.demo1.AccountPg3" name="editViewTC12" time="8.293"/>
  <system-out/>
  <testcase classname="com.demo1.AccountPg3" name="mergeAccountTC13" time="12.558"/>
  <system-out/>
  <testcase classname="com.demo1.AccountPg3" name="createAccountReportTC14" time="12.875"/>
  <system-out/>
</testsuite> <!-- com.demo1.AccountPg3 -->
